<?xml version="1.0" encoding="UTF-8"?>
<testsuite name="TriangleExercisesTest" tests="4" skipped="0" failures="0" errors="0" timestamp="2017-04-05T16:09:24" hostname="CNtigarhe.local" time="0.002">
  <properties/>
  <testcase name="Given_a_number_n_print_n_lines_each_with_one_more_asterisk_than_the_last" classname="TriangleExercisesTest" time="0.001"/>
  <testcase name="Given_a_number_n_and_print_n_lines_each_with_one_asterisks" classname="TriangleExercisesTest" time="0.0"/>
  <testcase name="print_n_asterisk_on_one_line_when_given_n_number" classname="TriangleExercisesTest" time="0.0"/>
  <testcase name="should_return_one_asterisk" classname="TriangleExercisesTest" time="0.001"/>
  <system-out><![CDATA[]]></system-out>
  <system-err><![CDATA[]]></system-err>
</testsuite>
